<?xml version="1.0" encoding="UTF-8"?>
<testsuite xmlns:xsi="http://www.w3.org/2001/XMLSchema-instance" xsi:noNamespaceSchemaLocation="https://maven.apache.org/surefire/maven-surefire-plugin/xsd/surefire-test-report.xsd" version="3.0.1" name="TestSuite" time="17.63" tests="2" errors="0" skipped="0" failures="0">
  <properties>
[...]
</properties>
  <testcase name="runScenario[&quot;Launch application and validate home page&quot;, &quot;Home page navigation&quot;](1)" classname="com.flipkart.flightbooking.runner.TestRunner" time="8.257">
    <system-out><![CDATA[
Scenario: Launch application and validate home page # src/test/resources/features/home-navigation.feature:3

Scenario: Launch application and validate home page # src/test/resources/features/home-navigation.feature:3
  Given user launches the application               # com.flipkart.flightbooking.stepdefinitions.HomeSteps.user_launches_the_application()
  Then user should navigate to the home page        # com.flipkart.flightbooking.stepdefinitions.HomeSteps.user_should_navigate_to_the_home_page()
]]></system-out>
    <system-err><![CDATA[SLF4J: Failed to load class "org.slf4j.impl.StaticLoggerBinder".
SLF4J: Defaulting to no-operation (NOP) logger implementation
SLF4J: See http://www.slf4j.org/codes.html#StaticLoggerBinder for further details.
Jun 27, 2026 2:00:17 PM org.openqa.selenium.remote.tracing.opentelemetry.OpenTelemetryTracer createTracer
INFO: Using OpenTelemetry for tracing
]]></system-err>
  </testcase>
  <testcase name="runScenario[&quot;Launch application and validate home page&quot;, &quot;Home page navigation&quot;](1)" classname="com.flipkart.flightbooking.runner.TestRunner" time="16.441">
    <system-out><![CDATA[  Given user launches the application               # com.flipkart.flightbooking.stepdefinitions.HomeSteps.user_launches_the_application()
  Then user should navigate to the home page        # com.flipkart.flightbooking.stepdefinitions.HomeSteps.user_should_navigate_to_the_home_page()
]]></system-out>
  </testcase>
</testsuite>