<?xml version="1.0" encoding="UTF-8"?>
<testng-results ignored="0" total="2" passed="2" failed="0" skipped="0">
  <reporter-output>
  </reporter-output>
  <suite started-at="2026-06-27T14:00:16 IST" name="BDD Grid Suite" finished-at="2026-06-27T14:00:33 IST" duration-ms="17062">
    <groups>
      <group name="cucumber">
        <method signature="AbstractTestNGCucumberTests.runScenario(io.cucumber.testng.PickleWrapper,io.cucumber.testng.FeatureWrapper)[pri:0, instance:com.flipkart.flightbooking.runner.TestRunner@76908cc0]" name="runScenario" class="io.cucumber.testng.AbstractTestNGCucumberTests"/>
        <method signature="AbstractTestNGCucumberTests.runScenario(io.cucumber.testng.PickleWrapper,io.cucumber.testng.FeatureWrapper)[pri:0, instance:com.flipkart.flightbooking.runner.TestRunner@4ac3c60d]" name="runScenario" class="io.cucumber.testng.AbstractTestNGCucumberTests"/>
      </group> <!-- cucumber -->
    </groups>
    <test started-at="2026-06-27T14:00:16 IST" name="Chrome Test" finished-at="2026-06-27T14:00:25 IST" duration-ms="8933">
      <class name="com.flipkart.flightbooking.runner.TestRunner">
        <test-method is-config="true" signature="setUpClass(org.testng.ITestContext)[pri:0, instance:com.flipkart.flightbooking.runner.TestRunner@76908cc0]" started-at="2026-06-27T14:00:16 IST" name="setUpClass" finished-at="2026-06-27T14:00:17 IST" duration-ms="540" status="PASS">
          <params>
            <param index="0">
              <value>
                <![CDATA[org.testng.TestRunner@2a798d51]]>
              </value>
            </param>
          </params>
          <reporter-output>
          </reporter-output>
        </test-method> <!-- setUpClass -->
        <test-method is-config="true" signature="setUpContext(java.lang.String,java.lang.String)[pri:0, instance:com.flipkart.flightbooking.runner.TestRunner@76908cc0]" started-at="2026-06-27T14:00:17 IST" name="setUpContext" finished-at="2026-06-27T14:00:17 IST" duration-ms="8" status="PASS">
          <params>
            <param index="0">
              <value>
                <![CDATA[chrome]]>
              </value>
            </param>
            <param index="1">
              <value>
                <![CDATA[http://192.168.4.190:4444]]>
              </value>
            </param>
          </params>
          <reporter-output>
          </reporter-output>
        </test-method> <!-- setUpContext -->
        <test-method signature="runScenario(io.cucumber.testng.PickleWrapper,io.cucumber.testng.FeatureWrapper)[pri:0, instance:com.flipkart.flightbooking.runner.TestRunner@76908cc0]" started-at="2026-06-27T14:00:17 IST" name="runScenario" description="Runs Cucumber Scenarios" data-provider="scenarios" finished-at="2026-06-27T14:00:25 IST" duration-ms="8252" status="PASS">
          <params>
            <param index="0">
              <value>
                <![CDATA["Launch application and validate home page"]]>
              </value>
            </param>
            <param index="1">
              <value>
                <![CDATA["Home page navigation"]]>
              </value>
            </param>
          </params>
          <reporter-output>
          </reporter-output>
        </test-method> <!-- runScenario -->
        <test-method is-config="true" signature="tearDownClass()[pri:0, instance:com.flipkart.flightbooking.runner.TestRunner@76908cc0]" started-at="2026-06-27T14:00:25 IST" name="tearDownClass" finished-at="2026-06-27T14:00:25 IST" duration-ms="79" status="PASS">
          <reporter-output>
          </reporter-output>
        </test-method> <!-- tearDownClass -->
      </class> <!-- com.flipkart.flightbooking.runner.TestRunner -->
    </test> <!-- Chrome Test -->
    <test started-at="2026-06-27T14:00:16 IST" name="Firefox Test" finished-at="2026-06-27T14:00:33 IST" duration-ms="17062">
      <class name="com.flipkart.flightbooking.runner.TestRunner">
        <test-method is-config="true" signature="setUpClass(org.testng.ITestContext)[pri:0, instance:com.flipkart.flightbooking.runner.TestRunner@4ac3c60d]" started-at="2026-06-27T14:00:16 IST" name="setUpClass" finished-at="2026-06-27T14:00:17 IST" duration-ms="540" status="PASS">
          <params>
            <param index="0">
              <value>
                <![CDATA[org.testng.TestRunner@6d763516]]>
              </value>
            </param>
          </params>
          <reporter-output>
          </reporter-output>
        </test-method> <!-- setUpClass -->
        <test-method is-config="true" signature="setUpContext(java.lang.String,java.lang.String)[pri:0, instance:com.flipkart.flightbooking.runner.TestRunner@4ac3c60d]" started-at="2026-06-27T14:00:17 IST" name="setUpContext" finished-at="2026-06-27T14:00:17 IST" duration-ms="8" status="PASS">
          <params>
            <param index="0">
              <value>
                <![CDATA[firefox]]>
              </value>
            </param>
            <param index="1">
              <value>
                <![CDATA[http://192.168.4.190:4444]]>
              </value>
            </param>
          </params>
          <reporter-output>
          </reporter-output>
        </test-method> <!-- setUpContext -->
        <test-method signature="runScenario(io.cucumber.testng.PickleWrapper,io.cucumber.testng.FeatureWrapper)[pri:0, instance:com.flipkart.flightbooking.runner.TestRunner@4ac3c60d]" started-at="2026-06-27T14:00:17 IST" name="runScenario" description="Runs Cucumber Scenarios" data-provider="scenarios" finished-at="2026-06-27T14:00:33 IST" duration-ms="16441" status="PASS">
          <params>
            <param index="0">
              <value>
                <![CDATA["Launch application and validate home page"]]>
              </value>
            </param>
            <param index="1">
              <value>
                <![CDATA["Home page navigation"]]>
              </value>
            </param>
          </params>
          <reporter-output>
          </reporter-output>
        </test-method> <!-- runScenario -->
        <test-method is-config="true" signature="tearDownClass()[pri:0, instance:com.flipkart.flightbooking.runner.TestRunner@4ac3c60d]" started-at="2026-06-27T14:00:33 IST" name="tearDownClass" finished-at="2026-06-27T14:00:33 IST" duration-ms="29" status="PASS">
          <reporter-output>
          </reporter-output>
        </test-method> <!-- tearDownClass -->
      </class> <!-- com.flipkart.flightbooking.runner.TestRunner -->
    </test> <!-- Firefox Test -->
  </suite> <!-- BDD Grid Suite -->
</testng-results>
