<?xml version="1.0" encoding="UTF-8"?>
<testng-results ignored="0" total="1" passed="1" failed="0" skipped="0">
  <reporter-output>
  </reporter-output>
  <suite started-at="2026-07-14T13:25:16 IST" name="BDD Grid Suite" finished-at="2026-07-14T13:26:09 IST" duration-ms="52778">
    <groups>
      <group name="cucumber">
        <method signature="AbstractTestNGCucumberTests.runScenario(io.cucumber.testng.PickleWrapper,io.cucumber.testng.FeatureWrapper)[pri:0, instance:com.ixigo.travelbooking.runner.TestRunner@561b6512]" name="runScenario" class="io.cucumber.testng.AbstractTestNGCucumberTests"/>
      </group> <!-- cucumber -->
    </groups>
    <test started-at="2026-07-14T13:25:16 IST" name="Chrome Sequential Run" finished-at="2026-07-14T13:26:09 IST" duration-ms="52778">
      <class name="com.ixigo.travelbooking.runner.TestRunner">
        <test-method is-config="true" signature="setUpClass(org.testng.ITestContext)[pri:0, instance:com.ixigo.travelbooking.runner.TestRunner@561b6512]" started-at="2026-07-14T13:25:16 IST" name="setUpClass" finished-at="2026-07-14T13:25:18 IST" duration-ms="1181" status="PASS">
          <params>
            <param index="0">
              <value>
                <![CDATA[org.testng.TestRunner@625264ed]]>
              </value>
            </param>
          </params>
          <reporter-output>
          </reporter-output>
        </test-method> <!-- setUpClass -->
        <test-method is-config="true" signature="setUpRun(java.lang.String)[pri:0, instance:com.ixigo.travelbooking.runner.TestRunner@561b6512]" started-at="2026-07-14T13:25:18 IST" name="setUpRun" finished-at="2026-07-14T13:25:18 IST" duration-ms="5" status="PASS">
          <params>
            <param index="0">
              <value>
                <![CDATA[chrome]]>
              </value>
            </param>
          </params>
          <reporter-output>
          </reporter-output>
        </test-method> <!-- setUpRun -->
        <test-method signature="runScenario(io.cucumber.testng.PickleWrapper,io.cucumber.testng.FeatureWrapper)[pri:0, instance:com.ixigo.travelbooking.runner.TestRunner@561b6512]" started-at="2026-07-14T13:25:18 IST" name="runScenario" description="Runs Cucumber Scenarios" data-provider="scenarios" finished-at="2026-07-14T13:26:08 IST" duration-ms="50219" status="PASS">
          <params>
            <param index="0">
              <value>
                <![CDATA["Validate the seach by locality function in search hotel results in a city"]]>
              </value>
            </param>
            <param index="1">
              <value>
                <![CDATA["For demo Purpose"]]>
              </value>
            </param>
          </params>
          <reporter-output>
          </reporter-output>
        </test-method> <!-- runScenario -->
        <test-method is-config="true" signature="tearDownClass()[pri:0, instance:com.ixigo.travelbooking.runner.TestRunner@561b6512]" started-at="2026-07-14T13:26:08 IST" name="tearDownClass" finished-at="2026-07-14T13:26:09 IST" duration-ms="1302" status="PASS">
          <reporter-output>
          </reporter-output>
        </test-method> <!-- tearDownClass -->
      </class> <!-- com.ixigo.travelbooking.runner.TestRunner -->
    </test> <!-- Chrome Sequential Run -->
  </suite> <!-- BDD Grid Suite -->
</testng-results>
