<?xml version="1.0" encoding="UTF-8"?>
<!-- Generated by org.testng.reporters.JUnitReportReporter -->
<testsuite hostname="USHYDANTHATI487" failures="0" tests="2" name="com.flipkart.flightbooking.runner.TestRunner" time="24.693" errors="0" timestamp="2026-06-27T14:00:33 IST" skipped="0">
  <testcase classname="com.flipkart.flightbooking.runner.TestRunner" name="runScenario" time="8.252"/>
  <testcase classname="com.flipkart.flightbooking.runner.TestRunner" name="runScenario" time="16.441"/>
</testsuite> <!-- com.flipkart.flightbooking.runner.TestRunner -->
