<?xml version="1.0" encoding="UTF-8"?>
<!-- Generated by org.testng.reporters.JUnitXMLReporter -->
<testsuite ignored="0" hostname="USHYDANTHATI487" failures="0" tests="2" name="Chrome Test" time="141.386" errors="0" timestamp="2026-07-08T17:59:45 IST">
  <testcase classname="io.cucumber.testng.AbstractTestNGCucumberTests" name="runScenario" time="63.938"/>
  <testcase classname="io.cucumber.testng.AbstractTestNGCucumberTests" name="runScenario" time="73.911"/>
</testsuite> <!-- Chrome Test -->
