<?xml version="1.0" encoding="UTF-8"?>
<!-- Generated by org.testng.reporters.JUnitXMLReporter -->
<testsuite ignored="0" hostname="USHYDANTHATI487" failures="1" tests="1" name="Firefox Test" time="122.376" errors="0" timestamp="2026-07-08T15:01:28 IST">
  <testcase classname="io.cucumber.testng.AbstractTestNGCucumberTests" name="runScenario" time="121.28">
    <failure type="org.openqa.selenium.TimeoutException" message="Expected condition failed: waiting for element to be clickable: By.xpath: //button[text()=&amp;apos;Confirm&amp;apos;] (tried for 60 second(s) with 500 milliseconds interval)
Build info: version: &amp;apos;4.21.0&amp;apos;, revision: &amp;apos;79ed462ef4&amp;apos;
System info: os.name: &amp;apos;Windows 11&amp;apos;, os.arch: &amp;apos;amd64&amp;apos;, os.version: &amp;apos;10.0&amp;apos;, java.version: &amp;apos;21.0.11&amp;apos;
Driver info: org.openqa.selenium.remote.RemoteWebDriver
Capabilities {acceptInsecureCerts: true, browserName: firefox, browserVersion: 152.0.5, moz:accessibilityChecks: false, moz:buildID: 20260706120035, moz:debuggerAddress: true, moz:firefoxOptions: {args: [--width=1920, --height=1080], binary: C:\Program Files\Mozilla Fi...}, moz:geckodriverVersion: 0.37.0, moz:headless: false, moz:platformVersion: 10.0, moz:processID: 34672, moz:profile: C:\Users\ahthati\AppData\Lo..., moz:shutdownTimeout: 60000, moz:webdriverClick: true, moz:windowless: false, pageLoadStrategy: normal, platformName: Windows 11, proxy: Proxy(), se:bidiEnabled: false, se:cdpEnabled: false, setWindowRect: true, strictFileInteractability: false, timeouts: {implicit: 0, pageLoad: 300000, script: 30000}, unhandledPromptBehavior: dismiss and notify, userAgent: Mozilla/5.0 (Windows NT 10....}
Session ID: 1e6a1d32-69d0-4d43-bd45-a5f57fb19207">
      <![CDATA[org.openqa.selenium.TimeoutException: Expected condition failed: waiting for element to be clickable: By.xpath: //button[text()='Confirm'] (tried for 60 second(s) with 500 milliseconds interval)
Build info: version: '4.21.0', revision: '79ed462ef4'
System info: os.name: 'Windows 11', os.arch: 'amd64', os.version: '10.0', java.version: '21.0.11'
Driver info: org.openqa.selenium.remote.RemoteWebDriver
Capabilities {acceptInsecureCerts: true, browserName: firefox, browserVersion: 152.0.5, moz:accessibilityChecks: false, moz:buildID: 20260706120035, moz:debuggerAddress: true, moz:firefoxOptions: {args: [--width=1920, --height=1080], binary: C:\Program Files\Mozilla Fi...}, moz:geckodriverVersion: 0.37.0, moz:headless: false, moz:platformVersion: 10.0, moz:processID: 34672, moz:profile: C:\Users\ahthati\AppData\Lo..., moz:shutdownTimeout: 60000, moz:webdriverClick: true, moz:windowless: false, pageLoadStrategy: normal, platformName: Windows 11, proxy: Proxy(), se:bidiEnabled: false, se:cdpEnabled: false, setWindowRect: true, strictFileInteractability: false, timeouts: {implicit: 0, pageLoad: 300000, script: 30000}, unhandledPromptBehavior: dismiss and notify, userAgent: Mozilla/5.0 (Windows NT 10....}
Session ID: 1e6a1d32-69d0-4d43-bd45-a5f57fb19207
at org.openqa.selenium.support.ui.WebDriverWait.timeoutException(WebDriverWait.java:84)
at org.openqa.selenium.support.ui.FluentWait.until(FluentWait.java:228)
at com.ixigo.travelbooking.util.ElementsUtil.waitForClickability(ElementsUtil.java:42)
at com.ixigo.travelbooking.util.ElementsUtil.doClick(ElementsUtil.java:85)
at com.ixigo.travelbooking.pages.TravellerInfoPage.addTravellerInfo(TravellerInfoPage.java:58)
at com.ixigo.travelbooking.stepdefinitions.FlightSearchSteps.add_traveller_information_contact_details_and_continue(FlightSearchSteps.java:124)
at ✽.Add Traveller information contact details and Continue(file:///C:/Users/ahthati/Desktop/Selenium_June26/Week2/code_7_3/flightbooking/src/test/resources/features/featuretorun.feature:14)
]]>
    </failure>
  </testcase> <!-- runScenario -->
</testsuite> <!-- Firefox Test -->
